[35m[1mScanning dependencies of target pfc_init_node[0m
[ 10%] [32mBuilding CXX object CMakeFiles/pfc_init_node.dir/src/needle_template.cpp.o[0m
[ 20%] [32mBuilding CXX object CMakeFiles/pfc_init_node.dir/src/pfc_init_node.cpp.o[0m
[ 30%] [32mBuilding CXX object CMakeFiles/pfc_init_node.dir/src/pfc_initializer.cpp.o[0m
[ 40%] [32mBuilding CXX object CMakeFiles/pfc_init_node.dir/src/matcher.cpp.o[0m
[ 50%] [32mBuilding CXX object CMakeFiles/pfc_init_node.dir/src/pose_helper.cpp.o[0m
[01m[K/home/tucker/research/catkin_ws/src/pfc_init/src/pfc_init_node.cpp:[m[K In function â€˜[01m[Kint main(int, char**)[m[Kâ€™:
[01m[K/home/tucker/research/catkin_ws/src/pfc_init/src/pfc_init_node.cpp:101:18:[m[K [01;31m[Kerror: [m[Kno matching function for call to â€˜[01m[KPfcInitializer::run()[m[Kâ€™
     pfc_init.run([01;31m[K)[m[K;
                  [01;31m[K^[m[K
In file included from [01m[K/home/tucker/research/catkin_ws/src/pfc_init/src/pfc_init_node.cpp:7:0[m[K:
[01m[K/home/tucker/research/catkin_ws/src/pfc_init/./include/pfc_init/pfc_initializer.h:77:10:[m[K [01;36m[Knote: [m[Kcandidate: void PfcInitializer::run(bool, bool, int)
     void [01;36m[Krun[m[K(bool print_results, bool multi_thread, int pose_id);
          [01;36m[K^~~[m[K
[01m[K/home/tucker/research/catkin_ws/src/pfc_init/./include/pfc_init/pfc_initializer.h:77:10:[m[K [01;36m[Knote: [m[K  candidate expects 3 arguments, 0 provided
CMakeFiles/pfc_init_node.dir/build.make:62: recipe for target 'CMakeFiles/pfc_init_node.dir/src/pfc_init_node.cpp.o' failed
make[2]: *** [CMakeFiles/pfc_init_node.dir/src/pfc_init_node.cpp.o] Error 1
CMakeFiles/Makefile2:67: recipe for target 'CMakeFiles/pfc_init_node.dir/all' failed
make[1]: *** [CMakeFiles/pfc_init_node.dir/all] Error 2
Makefile:140: recipe for target 'all' failed
make: *** [all] Error 2
