[01m[K/home/tucker/research/catkin_ws/src/pfc_init/src/pfc_init_node.cpp:[m[K In function â€˜[01m[Kint main(int, char**)[m[Kâ€™:
[01m[K/home/tucker/research/catkin_ws/src/pfc_init/src/pfc_init_node.cpp:166:27:[m[K [01;31m[Kerror: [m[Kâ€˜[01m[Kpitch_inc[m[Kâ€™ was not declared in this scope
   cout << "pitch_inc=" << [01;31m[Kpitch_inc[m[K << endl;
                           [01;31m[K^~~~~~~~~[m[K
make[2]: *** [CMakeFiles/pfc_init_node.dir/src/pfc_init_node.cpp.o] Error 1
make[1]: *** [CMakeFiles/pfc_init_node.dir/all] Error 2
make: *** [all] Error 2
