[01m[K/home/tucker/research/catkin_ws/src/pfc_init/src/pfc_init_node.cpp:[m[K In function â€˜[01m[Kint main(int, char**)[m[Kâ€™:
[01m[K/home/tucker/research/catkin_ws/src/pfc_init/src/pfc_init_node.cpp:164:42:[m[K [01;31m[Kerror: [m[Kâ€˜[01m[Kpitch[m[Kâ€™ was not declared in this scope
  for(int pitch_inc = 5; pitch_inc <= 35; [01;31m[Kpitch[m[K+=5)
                                          [01;31m[K^~~~~[m[K
[01m[K/home/tucker/research/catkin_ws/src/pfc_init/src/pfc_init_node.cpp:164:42:[m[K [01;36m[Knote: [m[Ksuggested alternative: â€˜[01m[Kputc[m[Kâ€™
  for(int pitch_inc = 5; pitch_inc <= 35; [01;36m[Kpitch[m[K+=5)
                                          [01;36m[K^~~~~[m[K
                                          [32m[Kputc[m[K
[01m[K/home/tucker/research/catkin_ws/src/pfc_init/src/pfc_init_node.cpp:213:4:[m[K [01;35m[Kwarning: [m[Knarrowing conversion of â€˜[01m[Kpitch_inc[m[Kâ€™ from â€˜[01m[Kint[m[Kâ€™ to â€˜[01m[Kdouble[m[Kâ€™ inside { } [[01;35m[K-Wnarrowing[m[K]
    [01;35m[K}[m[K;
    [01;35m[K^[m[K
[01m[K/home/tucker/research/catkin_ws/src/pfc_init/src/pfc_init_node.cpp:232:1:[m[K [01;31m[Kerror: [m[Kexpected â€˜[01m[K}[m[Kâ€™ at end of input
 [01;31m[K}[m[K
 [01;31m[K^[m[K
make[2]: *** [CMakeFiles/pfc_init_node.dir/src/pfc_init_node.cpp.o] Error 1
make[1]: *** [CMakeFiles/pfc_init_node.dir/all] Error 2
make: *** [all] Error 2
