[01m[K/home/tucker/research/catkin_ws/src/pfc_init/src/pfc_init_node.cpp:[m[K In function â€˜[01m[Kint main(int, char**)[m[Kâ€™:
[01m[K/home/tucker/research/catkin_ws/src/pfc_init/src/pfc_init_node.cpp:167:3:[m[K [01;31m[Kerror: [m[Kâ€˜[01m[Kcand_pts[m[Kâ€™ was not declared in this scope
   [01;31m[Kcand_pts[m[K = 15;
   [01;31m[K^~~~~~~~[m[K
[01m[K/home/tucker/research/catkin_ws/src/pfc_init/src/pfc_init_node.cpp:167:3:[m[K [01;36m[Knote: [m[Ksuggested alternative: â€˜[01m[Kmax_cand_pts[m[Kâ€™
   [01;36m[Kcand_pts[m[K = 15;
   [01;36m[K^~~~~~~~[m[K
   [32m[Kmax_cand_pts[m[K
make[2]: *** [CMakeFiles/pfc_init_node.dir/src/pfc_init_node.cpp.o] Error 1
make[1]: *** [CMakeFiles/pfc_init_node.dir/all] Error 2
make: *** [all] Error 2
