[01m[K/home/tucker/research/catkin_ws/src/pfc_init/src/pfc_init_node.cpp:[m[K In function â€˜[01m[Kvoid set_img_l(sensor_msgs::Image)[m[Kâ€™:
[01m[K/home/tucker/research/catkin_ws/src/pfc_init/src/pfc_init_node.cpp:17:45:[m[K [01;31m[Kerror: [m[Kno matching function for call to â€˜[01m[KtoCvShare(const Image&, const char [6])[m[Kâ€™
   l_image = cv_bridge::toCvShare(img,"32FC2"[01;31m[K)[m[K->image.clone();
                                             [01;31m[K^[m[K
In file included from [01m[K/home/tucker/research/catkin_ws/src/pfc_init/src/pfc_init_node.cpp:5:0[m[K:
[01m[K/home/tucker/research/catkin_ws/src/vision_opencv/cv_bridge/include/cv_bridge/cv_bridge.h:240:17:[m[K [01;36m[Knote: [m[Kcandidate: cv_bridge::CvImageConstPtr cv_bridge::toCvShare(const Image&, const boost::shared_ptr<const void>&, const string&)
 CvImageConstPtr [01;36m[KtoCvShare[m[K(const sensor_msgs::Image& source,
                 [01;36m[K^~~~~~~~~[m[K
[01m[K/home/tucker/research/catkin_ws/src/vision_opencv/cv_bridge/include/cv_bridge/cv_bridge.h:240:17:[m[K [01;36m[Knote: [m[K  no known conversion for argument 2 from â€˜[01m[Kconst char [6][m[Kâ€™ to â€˜[01m[Kconst boost::shared_ptr<const void>&[m[Kâ€™
[01m[K/home/tucker/research/catkin_ws/src/vision_opencv/cv_bridge/include/cv_bridge/cv_bridge.h:213:17:[m[K [01;36m[Knote: [m[Kcandidate: cv_bridge::CvImageConstPtr cv_bridge::toCvShare(const ImageConstPtr&, const string&)
 CvImageConstPtr [01;36m[KtoCvShare[m[K(const sensor_msgs::ImageConstPtr& source,
                 [01;36m[K^~~~~~~~~[m[K
[01m[K/home/tucker/research/catkin_ws/src/vision_opencv/cv_bridge/include/cv_bridge/cv_bridge.h:213:17:[m[K [01;36m[Knote: [m[K  no known conversion for argument 1 from â€˜[01m[Kconst Image {aka const sensor_msgs::Image_<std::allocator<void> >}[m[Kâ€™ to â€˜[01m[Kconst ImageConstPtr& {aka const boost::shared_ptr<const sensor_msgs::Image_<std::allocator<void> > >&}[m[Kâ€™
[01m[K/home/tucker/research/catkin_ws/src/pfc_init/src/pfc_init_node.cpp:[m[K In function â€˜[01m[Kvoid set_img_r(sensor_msgs::Image)[m[Kâ€™:
[01m[K/home/tucker/research/catkin_ws/src/pfc_init/src/pfc_init_node.cpp:32:45:[m[K [01;31m[Kerror: [m[Kno matching function for call to â€˜[01m[KtoCvShare(const Image&, const char [6])[m[Kâ€™
   r_image = cv_bridge::toCvShare(img,"32FC2"[01;31m[K)[m[K->image.clone();
                                             [01;31m[K^[m[K
In file included from [01m[K/home/tucker/research/catkin_ws/src/pfc_init/src/pfc_init_node.cpp:5:0[m[K:
[01m[K/home/tucker/research/catkin_ws/src/vision_opencv/cv_bridge/include/cv_bridge/cv_bridge.h:240:17:[m[K [01;36m[Knote: [m[Kcandidate: cv_bridge::CvImageConstPtr cv_bridge::toCvShare(const Image&, const boost::shared_ptr<const void>&, const string&)
 CvImageConstPtr [01;36m[KtoCvShare[m[K(const sensor_msgs::Image& source,
                 [01;36m[K^~~~~~~~~[m[K
[01m[K/home/tucker/research/catkin_ws/src/vision_opencv/cv_bridge/include/cv_bridge/cv_bridge.h:240:17:[m[K [01;36m[Knote: [m[K  no known conversion for argument 2 from â€˜[01m[Kconst char [6][m[Kâ€™ to â€˜[01m[Kconst boost::shared_ptr<const void>&[m[Kâ€™
[01m[K/home/tucker/research/catkin_ws/src/vision_opencv/cv_bridge/include/cv_bridge/cv_bridge.h:213:17:[m[K [01;36m[Knote: [m[Kcandidate: cv_bridge::CvImageConstPtr cv_bridge::toCvShare(const ImageConstPtr&, const string&)
 CvImageConstPtr [01;36m[KtoCvShare[m[K(const sensor_msgs::ImageConstPtr& source,
                 [01;36m[K^~~~~~~~~[m[K
[01m[K/home/tucker/research/catkin_ws/src/vision_opencv/cv_bridge/include/cv_bridge/cv_bridge.h:213:17:[m[K [01;36m[Knote: [m[K  no known conversion for argument 1 from â€˜[01m[Kconst Image {aka const sensor_msgs::Image_<std::allocator<void> >}[m[Kâ€™ to â€˜[01m[Kconst ImageConstPtr& {aka const boost::shared_ptr<const sensor_msgs::Image_<std::allocator<void> > >&}[m[Kâ€™
[01m[K/home/tucker/research/catkin_ws/src/pfc_init/src/pfc_init_node.cpp:[m[K In function â€˜[01m[Kint main(int, char**)[m[Kâ€™:
[01m[K/home/tucker/research/catkin_ws/src/pfc_init/src/pfc_init_node.cpp:55:44:[m[K [01;31m[Kerror: [m[Kbase operand of â€˜[01m[K->[m[Kâ€™ has non-pointer type â€˜[01m[Ksensor_msgs::CameraInfo {aka sensor_msgs::CameraInfo_<std::allocator<void> >}[m[Kâ€™
  cv::Mat P_l(3, 4, CV_64FC1, (void *) l_inf[01;31m[K->[m[KK.data());
                                            [01;31m[K^~[m[K
[01m[K/home/tucker/research/catkin_ws/src/pfc_init/src/pfc_init_node.cpp:56:47:[m[K [01;31m[Kerror: [m[Kbase operand of â€˜[01m[K->[m[Kâ€™ has non-pointer type â€˜[01m[Ksensor_msgs::CameraInfo {aka sensor_msgs::CameraInfo_<std::allocator<void> >}[m[Kâ€™
     cv::Mat P_r(3, 4, CV_64FC1, (void *) r_inf[01;31m[K->[m[KK.data());
                                               [01;31m[K^~[m[K
[01m[K/home/tucker/research/catkin_ws/src/pfc_init/src/pfc_init_node.cpp:69:3:[m[K [01;31m[Kerror: [m[Kreturn-statement with no value, in function returning â€˜[01m[Kint[m[Kâ€™ [[01;31m[K-fpermissive[m[K]
   [01;31m[Kreturn[m[K;
   [01;31m[K^~~~~~[m[K
[01m[K/home/tucker/research/catkin_ws/src/pfc_init/src/pfc_init_node.cpp:77:3:[m[K [01;31m[Kerror: [m[Kreturn-statement with no value, in function returning â€˜[01m[Kint[m[Kâ€™ [[01;31m[K-fpermissive[m[K]
   [01;31m[Kreturn[m[K;
   [01;31m[K^~~~~~[m[K
[01m[K/home/tucker/research/catkin_ws/src/pfc_init/src/pfc_init_node.cpp:81:2:[m[K [01;31m[Kerror: [m[Kâ€˜[01m[Kl_cam_sub[m[Kâ€™ was not declared in this scope
  [01;31m[Kl_cam_sub[m[K = nh.subscribe("/davinci_endo/left/image_raw" , 1, set_img_l);
  [01;31m[K^~~~~~~~~[m[K
[01m[K/home/tucker/research/catkin_ws/src/pfc_init/src/pfc_init_node.cpp:82:2:[m[K [01;31m[Kerror: [m[Kâ€˜[01m[Kr_cam_sub[m[Kâ€™ was not declared in this scope
  [01;31m[Kr_cam_sub[m[K = nh.subscribe("/davinci_endo/right/image_raw", 1, set_img_r);
  [01;31m[K^~~~~~~~~[m[K
make[2]: *** [CMakeFiles/pfc_init.dir/src/pfc_init_node.cpp.o] Error 1
make[1]: *** [CMakeFiles/pfc_init.dir/all] Error 2
make: *** [all] Error 2
