[01m[K/home/tucker/research/catkin_ws/src/pfc_init/src/pfc_init_node.cpp:[m[K In function â€˜[01m[Kint main(int, char**)[m[Kâ€™:
[01m[K/home/tucker/research/catkin_ws/src/pfc_init/src/pfc_init_node.cpp:79:2:[m[K [01;31m[Kerror: [m[Kâ€˜[01m[Kl_cam_sub[m[Kâ€™ was not declared in this scope
  [01;31m[Kl_cam_sub[m[K = nh.subscribe("/davinci_endo/left/image_raw" , 1, set_img_l);
  [01;31m[K^~~~~~~~~[m[K
[01m[K/home/tucker/research/catkin_ws/src/pfc_init/src/pfc_init_node.cpp:80:2:[m[K [01;31m[Kerror: [m[Kâ€˜[01m[Kr_cam_sub[m[Kâ€™ was not declared in this scope
  [01;31m[Kr_cam_sub[m[K = nh.subscribe("/davinci_endo/right/image_raw", 1, set_img_r);
  [01;31m[K^~~~~~~~~[m[K
make[2]: *** [CMakeFiles/pfc_init.dir/src/pfc_init_node.cpp.o] Error 1
make[1]: *** [CMakeFiles/pfc_init.dir/all] Error 2
make: *** [all] Error 2
