[01m[K/home/tucker/research/catkin_ws/src/pfc_init/src/pfc_init_node.cpp:[m[K In function â€˜[01m[Kint main(int, char**)[m[Kâ€™:
[01m[K/home/tucker/research/catkin_ws/src/pfc_init/src/pfc_init_node.cpp:68:12:[m[K [01;31m[Kerror: [m[Kâ€˜[01m[Kclass PfcInitializer[m[Kâ€™ has no member named â€˜[01m[K_[m[Kâ€™
   pfc_init.[01;31m[K_[m[K = cv_ptr->image;
            [01;31m[K^[m[K
[01m[K/home/tucker/research/catkin_ws/src/pfc_init/src/pfc_init_node.cpp:74:28:[m[K [01;31m[Kerror: [m[Kno match for â€˜[01m[Koperator=[m[Kâ€™ (operand types are â€˜[01m[KNeedleImage[m[Kâ€™ and â€˜[01m[Kcv::Mat[m[Kâ€™)
   pfc_init.r_img = cv_ptr->[01;31m[Kimage[m[K;
                            [01;31m[K^~~~~[m[K
In file included from [01m[K/home/tucker/research/catkin_ws/src/pfc_init/include/pfc_init/pfc_initializer.h:1:0[m[K,
                 from [01m[K/home/tucker/research/catkin_ws/src/pfc_init/src/pfc_init_node.cpp:7[m[K:
[01m[K/home/tucker/research/catkin_ws/src/pfc_init/include/pfc_init/needle_image.h:9:7:[m[K [01;36m[Knote: [m[Kcandidate: NeedleImage& NeedleImage::operator=(const NeedleImage&)
 class [01;36m[KNeedleImage[m[K
       [01;36m[K^~~~~~~~~~~[m[K
[01m[K/home/tucker/research/catkin_ws/src/pfc_init/include/pfc_init/needle_image.h:9:7:[m[K [01;36m[Knote: [m[K  no known conversion for argument 1 from â€˜[01m[Kcv::Mat[m[Kâ€™ to â€˜[01m[Kconst NeedleImage&[m[Kâ€™
[01m[K/home/tucker/research/catkin_ws/src/pfc_init/src/pfc_init_node.cpp:89:46:[m[K [01;31m[Kerror: [m[Kno match for call to â€˜[01m[K(PfcInitializer) (cv::Mat&, cv::Mat&, pfc::match_params&)[m[Kâ€™
  pfc_init = pfc_init(l_image, r_image, params[01;31m[K)[m[K;
                                              [01;31m[K^[m[K
make[2]: *** [CMakeFiles/pfc_init.dir/src/pfc_init_node.cpp.o] Error 1
make[1]: *** [CMakeFiles/pfc_init.dir/all] Error 2
make: *** [all] Error 2
