[01m[K/home/tucker/research/catkin_ws/src/pfc_init/src/pfc_init_node.cpp:[m[K In function â€˜[01m[Kint main(int, char**)[m[Kâ€™:
[01m[K/home/tucker/research/catkin_ws/src/pfc_init/src/pfc_init_node.cpp:138:50:[m[K [01;31m[Kerror: [m[Kâ€˜[01m[Kse[m[Kâ€™ was not declared in this scope
   float u = rng(0,1), v = rng(0,1), w = rng(0,1);[01;31m[Kse[m[K.orientation.x = sqrt(1-u) * sin(2*M_PI*v);
                                                  [01;31m[K^~[m[K
[01m[K/home/tucker/research/catkin_ws/src/pfc_init/src/pfc_init_node.cpp:138:50:[m[K [01;36m[Knote: [m[Ksuggested alternative: â€˜[01m[Kss[m[Kâ€™
   float u = rng(0,1), v = rng(0,1), w = rng(0,1);[01;36m[Kse[m[K.orientation.x = sqrt(1-u) * sin(2*M_PI*v);
                                                  [01;36m[K^~[m[K
                                                  [32m[Kss[m[K
make[2]: *** [CMakeFiles/pfc_init_node.dir/src/pfc_init_node.cpp.o] Error 1
make[1]: *** [CMakeFiles/pfc_init_node.dir/all] Error 2
make: *** [all] Error 2
