[01m[K/home/tucker/research/catkin_ws/src/pfc_init/src/pfc_init_node.cpp:[m[K In function â€˜[01m[Kint main(int, char**)[m[Kâ€™:
[01m[K/home/tucker/research/catkin_ws/src/pfc_init/src/pfc_init_node.cpp:64:2:[m[K [01;31m[Kerror: [m[Kexpected â€˜[01m[K,[m[Kâ€™ or â€˜[01m[K;[m[Kâ€™ before â€˜[01m[Kcv[m[Kâ€™
  [01;31m[Kcv[m[K::Point3d loc(needle_pose.position.x, needle_pose.position.y, needle_pose.position.z)
  [01;31m[K^~[m[K
[01m[K/home/tucker/research/catkin_ws/src/pfc_init/src/pfc_init_node.cpp:112:30:[m[K [01;31m[Kerror: [m[Kâ€˜[01m[Ktrue_pose[m[Kâ€™ was not declared in this scope
     pfc_init.run(true, true, [01;31m[Ktrue_pose[m[K);
                              [01;31m[K^~~~~~~~~[m[K
[01m[K/home/tucker/research/catkin_ws/src/pfc_init/src/pfc_init_node.cpp:112:30:[m[K [01;36m[Knote: [m[Ksuggested alternative: â€˜[01m[Kneedle_pose[m[Kâ€™
     pfc_init.run(true, true, [01;36m[Ktrue_pose[m[K);
                              [01;36m[K^~~~~~~~~[m[K
                              [32m[Kneedle_pose[m[K
make[2]: *** [CMakeFiles/pfc_init_node.dir/src/pfc_init_node.cpp.o] Error 1
make[1]: *** [CMakeFiles/pfc_init_node.dir/all] Error 2
make: *** [all] Error 2
