[01m[K/home/tucker/research/catkin_ws/src/pfc_init/src/pfc_initializer.cpp:[m[K In member function â€˜[01m[Kvoid PfcInitializer::computeNeedlePose(bool)[m[Kâ€™:
[01m[K/home/tucker/research/catkin_ws/src/pfc_init/src/pfc_initializer.cpp:40:35:[m[K [01;31m[Kerror: [m[Kâ€˜[01m[Kleft_image[m[Kâ€™ was not declared in this scope
         l_matches = matchThreaded([01;31m[Kleft_image[m[K.image, left_templ);
                                   [01;31m[K^~~~~~~~~~[m[K
[01m[K/home/tucker/research/catkin_ws/src/pfc_init/src/pfc_initializer.cpp:40:35:[m[K [01;36m[Knote: [m[Ksuggested alternative: â€˜[01m[Kl_img[m[Kâ€™
         l_matches = matchThreaded([01;36m[Kleft_image[m[K.image, left_templ);
                                   [01;36m[K^~~~~~~~~~[m[K
                                   [32m[Kl_img[m[K
[01m[K/home/tucker/research/catkin_ws/src/pfc_init/src/pfc_initializer.cpp:41:35:[m[K [01;31m[Kerror: [m[Kâ€˜[01m[Kright_image[m[Kâ€™ was not declared in this scope
         r_matches = matchThreaded([01;31m[Kright_image[m[K.image, right_templ);
                                   [01;31m[K^~~~~~~~~~~[m[K
[01m[K/home/tucker/research/catkin_ws/src/pfc_init/src/pfc_initializer.cpp:41:35:[m[K [01;36m[Knote: [m[Ksuggested alternative: â€˜[01m[Kright_templ[m[Kâ€™
         r_matches = matchThreaded([01;36m[Kright_image[m[K.image, right_templ);
                                   [01;36m[K^~~~~~~~~~~[m[K
                                   [32m[Kright_templ[m[K
[01m[K/home/tucker/research/catkin_ws/src/pfc_init/src/pfc_initializer.cpp:45:27:[m[K [01;31m[Kerror: [m[Kâ€˜[01m[Kleft_image[m[Kâ€™ was not declared in this scope
         l_matches = match([01;31m[Kleft_image[m[K.image, left_templ);
                           [01;31m[K^~~~~~~~~~[m[K
[01m[K/home/tucker/research/catkin_ws/src/pfc_init/src/pfc_initializer.cpp:45:27:[m[K [01;36m[Knote: [m[Ksuggested alternative: â€˜[01m[Kl_img[m[Kâ€™
         l_matches = match([01;36m[Kleft_image[m[K.image, left_templ);
                           [01;36m[K^~~~~~~~~~[m[K
                           [32m[Kl_img[m[K
[01m[K/home/tucker/research/catkin_ws/src/pfc_init/src/pfc_initializer.cpp:46:27:[m[K [01;31m[Kerror: [m[Kâ€˜[01m[Kright_image[m[Kâ€™ was not declared in this scope
         r_matches = match([01;31m[Kright_image[m[K.image, right_templ);
                           [01;31m[K^~~~~~~~~~~[m[K
[01m[K/home/tucker/research/catkin_ws/src/pfc_init/src/pfc_initializer.cpp:46:27:[m[K [01;36m[Knote: [m[Ksuggested alternative: â€˜[01m[Kright_templ[m[Kâ€™
         r_matches = match([01;36m[Kright_image[m[K.image, right_templ);
                           [01;36m[K^~~~~~~~~~~[m[K
                           [32m[Kright_templ[m[K
[01m[K/home/tucker/research/catkin_ws/src/pfc_init/src/pfc_initializer.cpp:[m[K In member function â€˜[01m[Kvoid PfcInitializer::displayResults(int)[m[Kâ€™:
[01m[K/home/tucker/research/catkin_ws/src/pfc_init/src/pfc_initializer.cpp:97:29:[m[K [01;31m[Kerror: [m[Kâ€˜[01m[Kleft_image[m[Kâ€™ was not declared in this scope
         match_l.drawOnImage([01;31m[Kleft_image[m[K.raw, cv::Scalar(i*color_inc, 255-i*color_inc, 180));
                             [01;31m[K^~~~~~~~~~[m[K
[01m[K/home/tucker/research/catkin_ws/src/pfc_init/src/pfc_initializer.cpp:97:29:[m[K [01;36m[Knote: [m[Ksuggested alternative: â€˜[01m[Kl_img[m[Kâ€™
         match_l.drawOnImage([01;36m[Kleft_image[m[K.raw, cv::Scalar(i*color_inc, 255-i*color_inc, 180));
                             [01;36m[K^~~~~~~~~~[m[K
                             [32m[Kl_img[m[K
[01m[K/home/tucker/research/catkin_ws/src/pfc_init/src/pfc_initializer.cpp:98:29:[m[K [01;31m[Kerror: [m[Kâ€˜[01m[Kright_image[m[Kâ€™ was not declared in this scope
         match_r.drawOnImage([01;31m[Kright_image[m[K.raw, cv::Scalar(i*color_inc, 255-i*color_inc, 180));
                             [01;31m[K^~~~~~~~~~~[m[K
[01m[K/home/tucker/research/catkin_ws/src/pfc_init/src/pfc_initializer.cpp:98:29:[m[K [01;36m[Knote: [m[Ksuggested alternative: â€˜[01m[Kright_templ[m[Kâ€™
         match_r.drawOnImage([01;36m[Kright_image[m[K.raw, cv::Scalar(i*color_inc, 255-i*color_inc, 180));
                             [01;36m[K^~~~~~~~~~~[m[K
                             [32m[Kright_templ[m[K
[01m[K/home/tucker/research/catkin_ws/src/pfc_init/src/pfc_initializer.cpp:115:24:[m[K [01;31m[Kerror: [m[Kâ€˜[01m[Kleft_image[m[Kâ€™ was not declared in this scope
     cv::imshow("left", [01;31m[Kleft_image[m[K.raw);
                        [01;31m[K^~~~~~~~~~[m[K
[01m[K/home/tucker/research/catkin_ws/src/pfc_init/src/pfc_initializer.cpp:115:24:[m[K [01;36m[Knote: [m[Ksuggested alternative: â€˜[01m[Kl_img[m[Kâ€™
     cv::imshow("left", [01;36m[Kleft_image[m[K.raw);
                        [01;36m[K^~~~~~~~~~[m[K
                        [32m[Kl_img[m[K
[01m[K/home/tucker/research/catkin_ws/src/pfc_init/src/pfc_initializer.cpp:116:25:[m[K [01;31m[Kerror: [m[Kâ€˜[01m[Kright_image[m[Kâ€™ was not declared in this scope
     cv::imshow("right", [01;31m[Kright_image[m[K.raw);
                         [01;31m[K^~~~~~~~~~~[m[K
[01m[K/home/tucker/research/catkin_ws/src/pfc_init/src/pfc_initializer.cpp:116:25:[m[K [01;36m[Knote: [m[Ksuggested alternative: â€˜[01m[Kright_templ[m[Kâ€™
     cv::imshow("right", [01;36m[Kright_image[m[K.raw);
                         [01;36m[K^~~~~~~~~~~[m[K
                         [32m[Kright_templ[m[K
make[2]: *** [CMakeFiles/pfc_init.dir/src/pfc_initializer.cpp.o] Error 1
make[2]: *** Waiting for unfinished jobs....
[01m[K/home/tucker/research/catkin_ws/src/pfc_init/src/pfc_init_node.cpp:9:16:[m[K [01;31m[Kerror: [m[Kno matching function for call to â€˜[01m[KPfcInitializer::PfcInitializer()[m[Kâ€™
 PfcInitializer [01;31m[Kpfc_init[m[K;
                [01;31m[K^~~~~~~~[m[K
In file included from [01m[K/home/tucker/research/catkin_ws/src/pfc_init/src/pfc_init_node.cpp:7:0[m[K:
[01m[K/home/tucker/research/catkin_ws/src/pfc_init/include/pfc_init/pfc_initializer.h:61:5:[m[K [01;36m[Knote: [m[Kcandidate: PfcInitializer::PfcInitializer(cv::Mat&, cv::Mat&, pfc::match_params)
     [01;36m[KPfcInitializer[m[K(cv::Mat& l_img, cv::Mat& r_img, pfc::match_params params)
     [01;36m[K^~~~~~~~~~~~~~[m[K
[01m[K/home/tucker/research/catkin_ws/src/pfc_init/include/pfc_init/pfc_initializer.h:61:5:[m[K [01;36m[Knote: [m[K  candidate expects 3 arguments, 0 provided
[01m[K/home/tucker/research/catkin_ws/src/pfc_init/include/pfc_init/pfc_initializer.h:12:7:[m[K [01;36m[Knote: [m[Kcandidate: PfcInitializer::PfcInitializer(const PfcInitializer&)
 class [01;36m[KPfcInitializer[m[K
       [01;36m[K^~~~~~~~~~~~~~[m[K
[01m[K/home/tucker/research/catkin_ws/src/pfc_init/include/pfc_init/pfc_initializer.h:12:7:[m[K [01;36m[Knote: [m[K  candidate expects 1 argument, 0 provided
[01m[K/home/tucker/research/catkin_ws/src/pfc_init/include/pfc_init/pfc_initializer.h:12:7:[m[K [01;36m[Knote: [m[Kcandidate: PfcInitializer::PfcInitializer(PfcInitializer&&)
[01m[K/home/tucker/research/catkin_ws/src/pfc_init/include/pfc_init/pfc_initializer.h:12:7:[m[K [01;36m[Knote: [m[K  candidate expects 1 argument, 0 provided
[01m[K/home/tucker/research/catkin_ws/src/pfc_init/src/pfc_init_node.cpp:[m[K In function â€˜[01m[Kvoid run()[m[Kâ€™:
[01m[K/home/tucker/research/catkin_ws/src/pfc_init/src/pfc_init_node.cpp:19:12:[m[K [01;31m[Kerror: [m[Kâ€˜[01m[Kclass PfcInitializer[m[Kâ€™ has no member named â€˜[01m[K_[m[Kâ€™
   pfc_init.[01;31m[K_[m[K = cv_ptr->image;
            [01;31m[K^[m[K
[01m[K/home/tucker/research/catkin_ws/src/pfc_init/src/pfc_init_node.cpp:25:28:[m[K [01;31m[Kerror: [m[Kno match for â€˜[01m[Koperator=[m[Kâ€™ (operand types are â€˜[01m[KNeedleImage[m[Kâ€™ and â€˜[01m[Kcv::Mat[m[Kâ€™)
   pfc_init.r_img = cv_ptr->[01;31m[Kimage[m[K;
                            [01;31m[K^~~~~[m[K
In file included from [01m[K/home/tucker/research/catkin_ws/src/pfc_init/include/pfc_init/pfc_initializer.h:1:0[m[K,
                 from [01m[K/home/tucker/research/catkin_ws/src/pfc_init/src/pfc_init_node.cpp:7[m[K:
[01m[K/home/tucker/research/catkin_ws/src/pfc_init/include/pfc_init/needle_image.h:9:7:[m[K [01;36m[Knote: [m[Kcandidate: NeedleImage& NeedleImage::operator=(const NeedleImage&)
 class [01;36m[KNeedleImage[m[K
       [01;36m[K^~~~~~~~~~~[m[K
[01m[K/home/tucker/research/catkin_ws/src/pfc_init/include/pfc_init/needle_image.h:9:7:[m[K [01;36m[Knote: [m[K  no known conversion for argument 1 from â€˜[01m[Kcv::Mat[m[Kâ€™ to â€˜[01m[Kconst NeedleImage&[m[Kâ€™
[01m[K/home/tucker/research/catkin_ws/src/pfc_init/src/pfc_init_node.cpp:32:32:[m[K [01;31m[Kerror: [m[Kno matching function for call to â€˜[01m[Kimshow(const char [2], NeedleImage&)[m[Kâ€™
  cv::imshow("l", pfc_init.l_img[01;31m[K)[m[K;
                                [01;31m[K^[m[K
In file included from [01m[K/home/tucker/research/catkin_ws/src/pfc_init/src/pfc_init_node.cpp:3:0[m[K:
[01m[K/usr/local/include/opencv2/highgui.hpp:389:19:[m[K [01;36m[Knote: [m[Kcandidate: void cv::imshow(const cv::String&, cv::InputArray)
 CV_EXPORTS_W void [01;36m[Kimshow[m[K(const String& winname, InputArray mat);
                   [01;36m[K^~~~~~[m[K
[01m[K/usr/local/include/opencv2/highgui.hpp:389:19:[m[K [01;36m[Knote: [m[K  no known conversion for argument 2 from â€˜[01m[KNeedleImage[m[Kâ€™ to â€˜[01m[Kcv::InputArray {aka const cv::_InputArray&}[m[Kâ€™
[01m[K/usr/local/include/opencv2/highgui.hpp:569:17:[m[K [01;36m[Knote: [m[Kcandidate: void cv::imshow(const cv::String&, const cv::ogl::Texture2D&)
 CV_EXPORTS void [01;36m[Kimshow[m[K(const String& winname, const ogl::Texture2D& tex);
                 [01;36m[K^~~~~~[m[K
[01m[K/usr/local/include/opencv2/highgui.hpp:569:17:[m[K [01;36m[Knote: [m[K  no known conversion for argument 2 from â€˜[01m[KNeedleImage[m[Kâ€™ to â€˜[01m[Kconst cv::ogl::Texture2D&[m[Kâ€™
[01m[K/home/tucker/research/catkin_ws/src/pfc_init/src/pfc_init_node.cpp:36:32:[m[K [01;31m[Kerror: [m[Kno matching function for call to â€˜[01m[Kimshow(const char [2], NeedleImage&)[m[Kâ€™
  cv::imshow("r", pfc_init.r_img[01;31m[K)[m[K;
                                [01;31m[K^[m[K
In file included from [01m[K/home/tucker/research/catkin_ws/src/pfc_init/src/pfc_init_node.cpp:3:0[m[K:
[01m[K/usr/local/include/opencv2/highgui.hpp:389:19:[m[K [01;36m[Knote: [m[Kcandidate: void cv::imshow(const cv::String&, cv::InputArray)
 CV_EXPORTS_W void [01;36m[Kimshow[m[K(const String& winname, InputArray mat);
                   [01;36m[K^~~~~~[m[K
[01m[K/usr/local/include/opencv2/highgui.hpp:389:19:[m[K [01;36m[Knote: [m[K  no known conversion for argument 2 from â€˜[01m[KNeedleImage[m[Kâ€™ to â€˜[01m[Kcv::InputArray {aka const cv::_InputArray&}[m[Kâ€™
[01m[K/usr/local/include/opencv2/highgui.hpp:569:17:[m[K [01;36m[Knote: [m[Kcandidate: void cv::imshow(const cv::String&, const cv::ogl::Texture2D&)
 CV_EXPORTS void [01;36m[Kimshow[m[K(const String& winname, const ogl::Texture2D& tex);
                 [01;36m[K^~~~~~[m[K
[01m[K/usr/local/include/opencv2/highgui.hpp:569:17:[m[K [01;36m[Knote: [m[K  no known conversion for argument 2 from â€˜[01m[KNeedleImage[m[Kâ€™ to â€˜[01m[Kconst cv::ogl::Texture2D&[m[Kâ€™
[01m[K/home/tucker/research/catkin_ws/src/pfc_init/src/pfc_init_node.cpp:[m[K In function â€˜[01m[Kint main(int, char**)[m[Kâ€™:
[01m[K/home/tucker/research/catkin_ws/src/pfc_init/src/pfc_init_node.cpp:69:12:[m[K [01;31m[Kerror: [m[Kâ€˜[01m[Kclass PfcInitializer[m[Kâ€™ has no member named â€˜[01m[K_[m[Kâ€™
   pfc_init.[01;31m[K_[m[K = cv_ptr->image;
            [01;31m[K^[m[K
[01m[K/home/tucker/research/catkin_ws/src/pfc_init/src/pfc_init_node.cpp:75:28:[m[K [01;31m[Kerror: [m[Kno match for â€˜[01m[Koperator=[m[Kâ€™ (operand types are â€˜[01m[KNeedleImage[m[Kâ€™ and â€˜[01m[Kcv::Mat[m[Kâ€™)
   pfc_init.r_img = cv_ptr->[01;31m[Kimage[m[K;
                            [01;31m[K^~~~~[m[K
In file included from [01m[K/home/tucker/research/catkin_ws/src/pfc_init/include/pfc_init/pfc_initializer.h:1:0[m[K,
                 from [01m[K/home/tucker/research/catkin_ws/src/pfc_init/src/pfc_init_node.cpp:7[m[K:
[01m[K/home/tucker/research/catkin_ws/src/pfc_init/include/pfc_init/needle_image.h:9:7:[m[K [01;36m[Knote: [m[Kcandidate: NeedleImage& NeedleImage::operator=(const NeedleImage&)
 class [01;36m[KNeedleImage[m[K
       [01;36m[K^~~~~~~~~~~[m[K
[01m[K/home/tucker/research/catkin_ws/src/pfc_init/include/pfc_init/needle_image.h:9:7:[m[K [01;36m[Knote: [m[K  no known conversion for argument 1 from â€˜[01m[Kcv::Mat[m[Kâ€™ to â€˜[01m[Kconst NeedleImage&[m[Kâ€™
[01m[K/home/tucker/research/catkin_ws/src/pfc_init/src/pfc_init_node.cpp:90:46:[m[K [01;31m[Kerror: [m[Kno match for call to â€˜[01m[K(PfcInitializer) (cv::Mat&, cv::Mat&, pfc::match_params&)[m[Kâ€™
  pfc_init = pfc_init(l_image, r_image, params[01;31m[K)[m[K;
                                              [01;31m[K^[m[K
make[2]: *** [CMakeFiles/pfc_init.dir/src/pfc_init_node.cpp.o] Error 1
make[1]: *** [CMakeFiles/pfc_init.dir/all] Error 2
make: *** [all] Error 2
