[01m[K/home/tucker/research/catkin_ws/src/pfc_init/src/pfc_init_node.cpp:9:16:[m[K [01;31m[Kerror: [m[Kno matching function for call to â€˜[01m[KPfcInitializer::PfcInitializer()[m[Kâ€™
 PfcInitializer [01;31m[Kpfc_init[m[K;
                [01;31m[K^~~~~~~~[m[K
In file included from [01m[K/home/tucker/research/catkin_ws/src/pfc_init/src/pfc_init_node.cpp:7:0[m[K:
[01m[K/home/tucker/research/catkin_ws/src/pfc_init/./include/pfc_init/pfc_initializer.h:66:5:[m[K [01;36m[Knote: [m[Kcandidate: PfcInitializer::PfcInitializer(cv::Mat&, cv::Mat&, cv::Mat&, cv::Mat&, pfc::match_params)
     [01;36m[KPfcInitializer[m[K(cv::Mat& P_l, cv::Mat& P_r, cv::Mat& l_img, cv::Mat& r_img, pfc::match_params params)
     [01;36m[K^~~~~~~~~~~~~~[m[K
[01m[K/home/tucker/research/catkin_ws/src/pfc_init/./include/pfc_init/pfc_initializer.h:66:5:[m[K [01;36m[Knote: [m[K  candidate expects 5 arguments, 0 provided
[01m[K/home/tucker/research/catkin_ws/src/pfc_init/./include/pfc_init/pfc_initializer.h:12:7:[m[K [01;36m[Knote: [m[Kcandidate: PfcInitializer::PfcInitializer(const PfcInitializer&)
 class [01;36m[KPfcInitializer[m[K
       [01;36m[K^~~~~~~~~~~~~~[m[K
[01m[K/home/tucker/research/catkin_ws/src/pfc_init/./include/pfc_init/pfc_initializer.h:12:7:[m[K [01;36m[Knote: [m[K  candidate expects 1 argument, 0 provided
[01m[K/home/tucker/research/catkin_ws/src/pfc_init/./include/pfc_init/pfc_initializer.h:12:7:[m[K [01;36m[Knote: [m[Kcandidate: PfcInitializer::PfcInitializer(PfcInitializer&&)
[01m[K/home/tucker/research/catkin_ws/src/pfc_init/./include/pfc_init/pfc_initializer.h:12:7:[m[K [01;36m[Knote: [m[K  candidate expects 1 argument, 0 provided
make[2]: *** [CMakeFiles/pfc_init.dir/src/pfc_init_node.cpp.o] Error 1
make[1]: *** [CMakeFiles/pfc_init.dir/all] Error 2
make: *** [all] Error 2
