[35m[1mScanning dependencies of target pfc_init_node[0m
[ 20%] [32mBuilding CXX object CMakeFiles/pfc_init_node.dir/src/pfc_initializer.cpp.o[0m
[ 20%] [32mBuilding CXX object CMakeFiles/pfc_init_node.dir/src/pfc_init_node.cpp.o[0m
[01m[K/home/tucker/research/catkin_ws/src/pfc_init/src/pfc_init_node.cpp:[m[K In function â€˜[01m[Kint main(int, char**)[m[Kâ€™:
[01m[K/home/tucker/research/catkin_ws/src/pfc_init/src/pfc_init_node.cpp:137:20:[m[K [01;31m[Kerror: [m[Kredeclaration of â€˜[01m[Kpfc::match_params params[m[Kâ€™
  pfc::match_params [01;31m[Kparams[m[K = {
                    [01;31m[K^~~~~~[m[K
[01m[K/home/tucker/research/catkin_ws/src/pfc_init/src/pfc_init_node.cpp:107:28:[m[K [01;36m[Knote: [m[Kâ€˜[01m[Kpfc::match_params params[m[Kâ€™ previously declared here
  };      pfc::match_params [01;36m[Kparams[m[K = {
                            [01;36m[K^~~~~~[m[K
CMakeFiles/pfc_init_node.dir/build.make:62: recipe for target 'CMakeFiles/pfc_init_node.dir/src/pfc_init_node.cpp.o' failed
make[2]: *** [CMakeFiles/pfc_init_node.dir/src/pfc_init_node.cpp.o] Error 1
CMakeFiles/Makefile2:67: recipe for target 'CMakeFiles/pfc_init_node.dir/all' failed
make[1]: *** [CMakeFiles/pfc_init_node.dir/all] Error 2
Makefile:140: recipe for target 'all' failed
make: *** [all] Error 2
