[35m[1mScanning dependencies of target pfc_init_node[0m
[ 10%] [32mBuilding CXX object CMakeFiles/pfc_init_node.dir/src/pfc_initializer.cpp.o[0m
[ 20%] [32mBuilding CXX object CMakeFiles/pfc_init_node.dir/src/pfc_init_node.cpp.o[0m
[ 30%] [32mBuilding CXX object CMakeFiles/pfc_init_node.dir/src/template_match.cpp.o[0m
[ 40%] [32mBuilding CXX object CMakeFiles/pfc_init_node.dir/src/pose_helper.cpp.o[0m
[ 50%] [32mBuilding CXX object CMakeFiles/pfc_init_node.dir/src/needle_pose.cpp.o[0m
[ 60%] [32mBuilding CXX object CMakeFiles/pfc_init_node.dir/src/needle_image.cpp.o[0m
[ 70%] [32mBuilding CXX object CMakeFiles/pfc_init_node.dir/src/matcher.cpp.o[0m
[ 80%] [32mBuilding CXX object CMakeFiles/pfc_init_node.dir/src/needle_template.cpp.o[0m
In file included from [01m[K/home/tucker/research/catkin_ws/src/pfc_init/src/matcher.cpp:6:0[m[K:
[01m[K/home/tucker/research/catkin_ws/src/pfc_init/./include/pfc_init/needle_template.h:[m[K In constructor â€˜[01m[KNeedleTemplate::NeedleTemplate(pfc::match_params, bool)[m[Kâ€™:
[01m[K/home/tucker/research/catkin_ws/src/pfc_init/./include/pfc_init/needle_template.h:55:63:[m[K [01;31m[Kerror: [m[Kâ€˜[01m[Kstruct pfc::match_params[m[Kâ€™ has no member named â€˜[01m[Kpitch_range[m[Kâ€™; did you mean â€˜[01m[Kpitch_inc[m[Kâ€™?
         GenerateTemplate(params.min_z, params.min_yaw, params.[01;31m[Kpitch_range[m[K.start, params.roll_range.start);
                                                               [01;31m[K^~~~~~~~~~~[m[K
                                                               [32m[Kpitch_inc[m[K
[01m[K/home/tucker/research/catkin_ws/src/pfc_init/./include/pfc_init/needle_template.h:55:89:[m[K [01;31m[Kerror: [m[Kâ€˜[01m[Kstruct pfc::match_params[m[Kâ€™ has no member named â€˜[01m[Kroll_range[m[Kâ€™; did you mean â€˜[01m[Kroll_inc[m[Kâ€™?
         GenerateTemplate(params.min_z, params.min_yaw, params.pitch_range.start, params.[01;31m[Kroll_range[m[K.start);
                                                                                         [01;31m[K^~~~~~~~~~[m[K
                                                                                         [32m[Kroll_inc[m[K
In file included from [01m[K/home/tucker/research/catkin_ws/src/pfc_init/src/needle_template.cpp:6:0[m[K:
[01m[K/home/tucker/research/catkin_ws/src/pfc_init/./include/pfc_init/needle_template.h:[m[K In constructor â€˜[01m[KNeedleTemplate::NeedleTemplate(pfc::match_params, bool)[m[Kâ€™:
[01m[K/home/tucker/research/catkin_ws/src/pfc_init/./include/pfc_init/needle_template.h:55:63:[m[K [01;31m[Kerror: [m[Kâ€˜[01m[Kstruct pfc::match_params[m[Kâ€™ has no member named â€˜[01m[Kpitch_range[m[Kâ€™; did you mean â€˜[01m[Kpitch_inc[m[Kâ€™?
         GenerateTemplate(params.min_z, params.min_yaw, params.[01;31m[Kpitch_range[m[K.start, params.roll_range.start);
                                                               [01;31m[K^~~~~~~~~~~[m[K
                                                               [32m[Kpitch_inc[m[K
[01m[K/home/tucker/research/catkin_ws/src/pfc_init/./include/pfc_init/needle_template.h:55:89:[m[K [01;31m[Kerror: [m[Kâ€˜[01m[Kstruct pfc::match_params[m[Kâ€™ has no member named â€˜[01m[Kroll_range[m[Kâ€™; did you mean â€˜[01m[Kroll_inc[m[Kâ€™?
         GenerateTemplate(params.min_z, params.min_yaw, params.pitch_range.start, params.[01;31m[Kroll_range[m[K.start);
                                                                                         [01;31m[K^~~~~~~~~~[m[K
                                                                                         [32m[Kroll_inc[m[K
CMakeFiles/pfc_init_node.dir/build.make:158: recipe for target 'CMakeFiles/pfc_init_node.dir/src/needle_template.cpp.o' failed
make[2]: *** [CMakeFiles/pfc_init_node.dir/src/needle_template.cpp.o] Error 1
make[2]: *** Waiting for unfinished jobs....
In file included from [01m[K/home/tucker/research/catkin_ws/src/pfc_init/./include/pfc_init/pose_helper.h:6:0[m[K,
                 from [01m[K/home/tucker/research/catkin_ws/src/pfc_init/src/pfc_initializer.cpp:7[m[K:
[01m[K/home/tucker/research/catkin_ws/src/pfc_init/./include/pfc_init/needle_template.h:[m[K In constructor â€˜[01m[KNeedleTemplate::NeedleTemplate(pfc::match_params, bool)[m[Kâ€™:
[01m[K/home/tucker/research/catkin_ws/src/pfc_init/./include/pfc_init/needle_template.h:55:63:[m[K [01;31m[Kerror: [m[Kâ€˜[01m[Kstruct pfc::match_params[m[Kâ€™ has no member named â€˜[01m[Kpitch_range[m[Kâ€™; did you mean â€˜[01m[Kpitch_inc[m[Kâ€™?
         GenerateTemplate(params.min_z, params.min_yaw, params.[01;31m[Kpitch_range[m[K.start, params.roll_range.start);
                                                               [01;31m[K^~~~~~~~~~~[m[K
                                                               [32m[Kpitch_inc[m[K
[01m[K/home/tucker/research/catkin_ws/src/pfc_init/./include/pfc_init/needle_template.h:55:89:[m[K [01;31m[Kerror: [m[Kâ€˜[01m[Kstruct pfc::match_params[m[Kâ€™ has no member named â€˜[01m[Kroll_range[m[Kâ€™; did you mean â€˜[01m[Kroll_inc[m[Kâ€™?
         GenerateTemplate(params.min_z, params.min_yaw, params.pitch_range.start, params.[01;31m[Kroll_range[m[K.start);
                                                                                         [01;31m[K^~~~~~~~~~[m[K
                                                                                         [32m[Kroll_inc[m[K
[01m[K/home/tucker/research/catkin_ws/src/pfc_init/src/pfc_initializer.cpp:[m[K In member function â€˜[01m[Kstd::vector<std::__cxx11::basic_string<char> > PfcInitializer::getResultsAsVector(NeedlePose)[m[Kâ€™:
[01m[K/home/tucker/research/catkin_ws/src/pfc_init/src/pfc_initializer.cpp:138:51:[m[K [01;31m[Kerror: [m[Kâ€˜[01m[Kstruct pfc::match_params[m[Kâ€™ has no member named â€˜[01m[Kroll_range[m[Kâ€™; did you mean â€˜[01m[Kroll_inc[m[Kâ€™?
     results.push_back(to_string(left_templ.params.[01;31m[Kroll_range[m[K.start));
                                                   [01;31m[K^~~~~~~~~~[m[K
                                                   [32m[Kroll_inc[m[K
[01m[K/home/tucker/research/catkin_ws/src/pfc_init/src/pfc_initializer.cpp:139:51:[m[K [01;31m[Kerror: [m[Kâ€˜[01m[Kstruct pfc::match_params[m[Kâ€™ has no member named â€˜[01m[Kroll_range[m[Kâ€™; did you mean â€˜[01m[Kroll_inc[m[Kâ€™?
     results.push_back(to_string(left_templ.params.[01;31m[Kroll_range[m[K.end));
                                                   [01;31m[K^~~~~~~~~~[m[K
                                                   [32m[Kroll_inc[m[K
[01m[K/home/tucker/research/catkin_ws/src/pfc_init/src/pfc_initializer.cpp:141:51:[m[K [01;31m[Kerror: [m[Kâ€˜[01m[Kstruct pfc::match_params[m[Kâ€™ has no member named â€˜[01m[Kpitch_range[m[Kâ€™; did you mean â€˜[01m[Kpitch_inc[m[Kâ€™?
     results.push_back(to_string(left_templ.params.[01;31m[Kpitch_range[m[K.start));
                                                   [01;31m[K^~~~~~~~~~~[m[K
                                                   [32m[Kpitch_inc[m[K
[01m[K/home/tucker/research/catkin_ws/src/pfc_init/src/pfc_initializer.cpp:142:51:[m[K [01;31m[Kerror: [m[Kâ€˜[01m[Kstruct pfc::match_params[m[Kâ€™ has no member named â€˜[01m[Kpitch_range[m[Kâ€™; did you mean â€˜[01m[Kpitch_inc[m[Kâ€™?
     results.push_back(to_string(left_templ.params.[01;31m[Kpitch_range[m[K.end));
                                                   [01;31m[K^~~~~~~~~~~[m[K
                                                   [32m[Kpitch_inc[m[K
CMakeFiles/pfc_init_node.dir/build.make:254: recipe for target 'CMakeFiles/pfc_init_node.dir/src/matcher.cpp.o' failed
make[2]: *** [CMakeFiles/pfc_init_node.dir/src/matcher.cpp.o] Error 1
In file included from [01m[K/home/tucker/research/catkin_ws/src/pfc_init/./include/pfc_init/pose_helper.h:6:0[m[K,
                 from [01m[K/home/tucker/research/catkin_ws/src/pfc_init/src/pose_helper.cpp:7[m[K:
[01m[K/home/tucker/research/catkin_ws/src/pfc_init/./include/pfc_init/needle_template.h:[m[K In constructor â€˜[01m[KNeedleTemplate::NeedleTemplate(pfc::match_params, bool)[m[Kâ€™:
[01m[K/home/tucker/research/catkin_ws/src/pfc_init/./include/pfc_init/needle_template.h:55:63:[m[K [01;31m[Kerror: [m[Kâ€˜[01m[Kstruct pfc::match_params[m[Kâ€™ has no member named â€˜[01m[Kpitch_range[m[Kâ€™; did you mean â€˜[01m[Kpitch_inc[m[Kâ€™?
         GenerateTemplate(params.min_z, params.min_yaw, params.[01;31m[Kpitch_range[m[K.start, params.roll_range.start);
                                                               [01;31m[K^~~~~~~~~~~[m[K
                                                               [32m[Kpitch_inc[m[K
[01m[K/home/tucker/research/catkin_ws/src/pfc_init/./include/pfc_init/needle_template.h:55:89:[m[K [01;31m[Kerror: [m[Kâ€˜[01m[Kstruct pfc::match_params[m[Kâ€™ has no member named â€˜[01m[Kroll_range[m[Kâ€™; did you mean â€˜[01m[Kroll_inc[m[Kâ€™?
         GenerateTemplate(params.min_z, params.min_yaw, params.pitch_range.start, params.[01;31m[Kroll_range[m[K.start);
                                                                                         [01;31m[K^~~~~~~~~~[m[K
                                                                                         [32m[Kroll_inc[m[K
CMakeFiles/pfc_init_node.dir/build.make:86: recipe for target 'CMakeFiles/pfc_init_node.dir/src/pfc_initializer.cpp.o' failed
make[2]: *** [CMakeFiles/pfc_init_node.dir/src/pfc_initializer.cpp.o] Error 1
In file included from [01m[K/home/tucker/research/catkin_ws/src/pfc_init/./include/pfc_init/pfc_initializer.h:2:0[m[K,
                 from [01m[K/home/tucker/research/catkin_ws/src/pfc_init/src/pfc_init_node.cpp:9[m[K:
[01m[K/home/tucker/research/catkin_ws/src/pfc_init/./include/pfc_init/needle_template.h:[m[K In constructor â€˜[01m[KNeedleTemplate::NeedleTemplate(pfc::match_params, bool)[m[Kâ€™:
[01m[K/home/tucker/research/catkin_ws/src/pfc_init/./include/pfc_init/needle_template.h:55:63:[m[K [01;31m[Kerror: [m[Kâ€˜[01m[Kstruct pfc::match_params[m[Kâ€™ has no member named â€˜[01m[Kpitch_range[m[Kâ€™; did you mean â€˜[01m[Kpitch_inc[m[Kâ€™?
         GenerateTemplate(params.min_z, params.min_yaw, params.[01;31m[Kpitch_range[m[K.start, params.roll_range.start);
                                                               [01;31m[K^~~~~~~~~~~[m[K
                                                               [32m[Kpitch_inc[m[K
[01m[K/home/tucker/research/catkin_ws/src/pfc_init/./include/pfc_init/needle_template.h:55:89:[m[K [01;31m[Kerror: [m[Kâ€˜[01m[Kstruct pfc::match_params[m[Kâ€™ has no member named â€˜[01m[Kroll_range[m[Kâ€™; did you mean â€˜[01m[Kroll_inc[m[Kâ€™?
         GenerateTemplate(params.min_z, params.min_yaw, params.pitch_range.start, params.[01;31m[Kroll_range[m[K.start);
                                                                                         [01;31m[K^~~~~~~~~~[m[K
                                                                                         [32m[Kroll_inc[m[K
CMakeFiles/pfc_init_node.dir/build.make:206: recipe for target 'CMakeFiles/pfc_init_node.dir/src/pose_helper.cpp.o' failed
make[2]: *** [CMakeFiles/pfc_init_node.dir/src/pose_helper.cpp.o] Error 1
[01m[K/home/tucker/research/catkin_ws/src/pfc_init/src/pfc_init_node.cpp:[m[K In function â€˜[01m[Kint main(int, char**)[m[Kâ€™:
[01m[K/home/tucker/research/catkin_ws/src/pfc_init/src/pfc_init_node.cpp:210:4:[m[K [01;31m[Kerror: [m[Kcannot convert â€˜[01m[Kcv::Range[m[Kâ€™ to â€˜[01m[Kdouble[m[Kâ€™ in initialization
    [01;31m[K}[m[K;
    [01;31m[K^[m[K
[01m[K/home/tucker/research/catkin_ws/src/pfc_init/src/pfc_init_node.cpp:210:4:[m[K [01;35m[Kwarning: [m[Knarrowing conversion of â€˜[01m[Kpitch_inc[m[Kâ€™ from â€˜[01m[Kint[m[Kâ€™ to â€˜[01m[Kdouble[m[Kâ€™ inside { } [[01;35m[K-Wnarrowing[m[K]
[01m[K/home/tucker/research/catkin_ws/src/pfc_init/src/pfc_init_node.cpp:210:4:[m[K [01;31m[Kerror: [m[Kcannot convert â€˜[01m[Kcv::Range[m[Kâ€™ to â€˜[01m[Kdouble[m[Kâ€™ in initialization
[01m[K/home/tucker/research/catkin_ws/src/pfc_init/src/pfc_init_node.cpp:210:4:[m[K [01;35m[Kwarning: [m[Knarrowing conversion of â€˜[01m[Knum_cand_pts[m[Kâ€™ from â€˜[01m[Kint[m[Kâ€™ to â€˜[01m[Kdouble[m[Kâ€™ inside { } [[01;35m[K-Wnarrowing[m[K]
[01m[K/home/tucker/research/catkin_ws/src/pfc_init/src/pfc_init_node.cpp:210:4:[m[K [01;31m[Kerror: [m[Kcannot convert â€˜[01m[Kcv::Mat[m[Kâ€™ to â€˜[01m[Kint[m[Kâ€™ in initialization
[01m[K/home/tucker/research/catkin_ws/src/pfc_init/src/pfc_init_node.cpp:210:4:[m[K [01;31m[Kerror: [m[Kcannot convert â€˜[01m[Kcv::Mat[m[Kâ€™ to â€˜[01m[Kint[m[Kâ€™ in initialization
CMakeFiles/pfc_init_node.dir/build.make:62: recipe for target 'CMakeFiles/pfc_init_node.dir/src/pfc_init_node.cpp.o' failed
make[2]: *** [CMakeFiles/pfc_init_node.dir/src/pfc_init_node.cpp.o] Error 1
CMakeFiles/Makefile2:67: recipe for target 'CMakeFiles/pfc_init_node.dir/all' failed
make[1]: *** [CMakeFiles/pfc_init_node.dir/all] Error 2
Makefile:140: recipe for target 'all' failed
make: *** [all] Error 2
